0 info it worked if it ends with ok
1 verbose cli [ '/usr/bin/nodejs', '/usr/bin/npm', 'run', 'test' ]
2 info using npm@3.7.5
3 info using node@v4.3.1
4 verbose run-script [ 'pretest', 'test', 'posttest' ]
5 info lifecycle openmrs-owa-conceptdictionary@0.1.0~pretest: openmrs-owa-conceptdictionary@0.1.0
6 silly lifecycle openmrs-owa-conceptdictionary@0.1.0~pretest: no script for pretest, continuing
7 info lifecycle openmrs-owa-conceptdictionary@0.1.0~test: openmrs-owa-conceptdictionary@0.1.0
8 verbose lifecycle openmrs-owa-conceptdictionary@0.1.0~test: unsafe-perm in lifecycle true
9 verbose lifecycle openmrs-owa-conceptdictionary@0.1.0~test: PATH: /usr/lib/node_modules/npm/bin/node-gyp-bin:/home/user/Projects/OpenMRS/MojFork/openmrs-owa-conceptdictionary/node_modules/.bin:/usr/bin:/usr/local/sbin:/usr/local/bin:/usr/sbin:/usr/bin:/sbin:/bin:/usr/games:/usr/local/games
10 verbose lifecycle openmrs-owa-conceptdictionary@0.1.0~test: CWD: /home/user/Projects/OpenMRS/MojFork/openmrs-owa-conceptdictionary
11 silly lifecycle openmrs-owa-conceptdictionary@0.1.0~test: Args: [ '-c', 'webpack --bail --progress --profile' ]
12 silly lifecycle openmrs-owa-conceptdictionary@0.1.0~test: Returned: code: 255  signal: null
13 info lifecycle openmrs-owa-conceptdictionary@0.1.0~test: Failed to exec test script
14 verbose stack Error: openmrs-owa-conceptdictionary@0.1.0 test: `webpack --bail --progress --profile`
14 verbose stack Exit status 255
14 verbose stack     at EventEmitter.<anonymous> (/usr/lib/node_modules/npm/lib/utils/lifecycle.js:239:16)
14 verbose stack     at emitTwo (events.js:87:13)
14 verbose stack     at EventEmitter.emit (events.js:172:7)
14 verbose stack     at ChildProcess.<anonymous> (/usr/lib/node_modules/npm/lib/utils/spawn.js:24:14)
14 verbose stack     at emitTwo (events.js:87:13)
14 verbose stack     at ChildProcess.emit (events.js:172:7)
14 verbose stack     at maybeClose (internal/child_process.js:821:16)
14 verbose stack     at Process.ChildProcess._handle.onexit (internal/child_process.js:211:5)
15 verbose pkgid openmrs-owa-conceptdictionary@0.1.0
16 verbose cwd /home/user/Projects/OpenMRS/MojFork/openmrs-owa-conceptdictionary
17 error Linux 3.19.0-25-generic
18 error argv "/usr/bin/nodejs" "/usr/bin/npm" "run" "test"
19 error node v4.3.1
20 error npm  v3.7.5
21 error code ELIFECYCLE
22 error openmrs-owa-conceptdictionary@0.1.0 test: `webpack --bail --progress --profile`
22 error Exit status 255
23 error Failed at the openmrs-owa-conceptdictionary@0.1.0 test script 'webpack --bail --progress --profile'.
23 error Make sure you have the latest version of node.js and npm installed.
23 error If you do, this is most likely a problem with the openmrs-owa-conceptdictionary package,
23 error not with npm itself.
23 error Tell the author that this fails on your system:
23 error     webpack --bail --progress --profile
23 error You can get information on how to open an issue for this project with:
23 error     npm bugs openmrs-owa-conceptdictionary
23 error Or if that isn't available, you can get their info via:
23 error     npm owner ls openmrs-owa-conceptdictionary
23 error There is likely additional logging output above.
24 verbose exit [ 1, true ]
